Using pre-set license
Built from '2021.3/china_unity/release' branch; Version is '2021.3.21f1c1 (08fa194de70f) revision 588313'; Using compiler version '192829333'; Build Type 'Release'
OS: 'Windows 10  (10.0.19044) 64bit Professional' Language: 'zh' Physical Memory: 16299 MB
BatchMode: 1, IsHumanControllingUs: 0, StartBugReporterOnCrash: 0, Is64bit: 1, IsPro: 1

COMMAND LINE ARGUMENTS:
D:\soft\unity2021\2021.3.21f1c1\Editor\Unity.exe
-adb2
-batchMode
-noUpm
-name
AssetImportWorker2
-projectPath
D:/Downloads/ResourceFramework-master/ResourceFramework-master/ResourceFramework
-logFile
Logs/AssetImportWorker2.log
-srvPort
50004
Successfully changed project path to: D:/Downloads/ResourceFramework-master/ResourceFramework-master/ResourceFramework
D:/Downloads/ResourceFramework-master/ResourceFramework-master/ResourceFramework
[UnityMemory] Configuration Parameters - Can be set up in boot.config
    "memorysetup-bucket-allocator-granularity=16"
    "memorysetup-bucket-allocator-bucket-count=8"
    "memorysetup-bucket-allocator-block-size=33554432"
    "memorysetup-bucket-allocator-block-count=8"
    "memorysetup-main-allocator-block-size=16777216"
    "memorysetup-thread-allocator-block-size=16777216"
    "memorysetup-gfx-main-allocator-block-size=16777216"
    "memorysetup-gfx-thread-allocator-block-size=16777216"
    "memorysetup-cache-allocator-block-size=4194304"
    "memorysetup-typetree-allocator-block-size=2097152"
    "memorysetup-profiler-bucket-allocator-granularity=16"
    "memorysetup-profiler-bucket-allocator-bucket-count=8"
    "memorysetup-profiler-bucket-allocator-block-size=33554432"
    "memorysetup-profiler-bucket-allocator-block-count=8"
    "memorysetup-profiler-allocator-block-size=16777216"
    "memorysetup-profiler-editor-allocator-block-size=1048576"
    "memorysetup-temp-allocator-size-main=16777216"
    "memorysetup-job-temp-allocator-block-size=2097152"
    "memorysetup-job-temp-allocator-block-size-background=1048576"
    "memorysetup-job-temp-allocator-reduction-small-platforms=262144"
    "memorysetup-temp-allocator-size-background-worker=32768"
    "memorysetup-temp-allocator-size-job-worker=262144"
    "memorysetup-temp-allocator-size-preload-manager=33554432"
    "memorysetup-temp-allocator-size-nav-mesh-worker=65536"
    "memorysetup-temp-allocator-size-audio-worker=65536"
    "memorysetup-temp-allocator-size-cloud-worker=32768"
    "memorysetup-temp-allocator-size-gi-baking-worker=262144"
    "memorysetup-temp-allocator-size-gfx=262144"
Player connection [23784] Host "[IP] 192.168.0.110 [Port] 0 [Flags] 2 [Guid] 2748535220 [EditorId] 2748535220 [Version] 1048832 [Id] WindowsEditor(7,PC-20221022PVNI) [Debug] 1 [PackageName] WindowsEditor [ProjectName] Editor" joined multi-casting on [225.0.0.222:54997]...

Player connection [23784] Host "[IP] 192.168.0.110 [Port] 0 [Flags] 2 [Guid] 2748535220 [EditorId] 2748535220 [Version] 1048832 [Id] WindowsEditor(7,PC-20221022PVNI) [Debug] 1 [PackageName] WindowsEditor [ProjectName] Editor" joined alternative multi-casting on [225.0.0.222:34997]...

AS: AutoStreaming module initializing.
Refreshing native plugins compatible for Editor in 64.17 ms, found 2 plugins.
Preloading 0 native plugins for Editor in 0.00 ms.
Initialize engine version: 2021.3.21f1c1 (08fa194de70f)
[Subsystems] Discovering subsystems at path D:/soft/unity2021/2021.3.21f1c1/Editor/Data/Resources/UnitySubsystems
[Subsystems] Discovering subsystems at path D:/Downloads/ResourceFramework-master/ResourceFramework-master/ResourceFramework/Assets
GfxDevice: creating device client; threaded=0; jobified=0
Direct3D:
    Version:  Direct3D 11.0 [level 11.1]
    Renderer: NVIDIA GeForce RTX 3060 Laptop GPU (ID=0x2520)
    Vendor:   NVIDIA
    VRAM:     6023 MB
    Driver:   30.0.15.1259
Initialize mono
Mono path[0] = 'D:/soft/unity2021/2021.3.21f1c1/Editor/Data/Managed'
Mono path[1] = 'D:/soft/unity2021/2021.3.21f1c1/Editor/Data/MonoBleedingEdge/lib/mono/unityjit-win32'
Mono config path = 'D:/soft/unity2021/2021.3.21f1c1/Editor/Data/MonoBleedingEdge/etc'
Using monoOptions --debugger-agent=transport=dt_socket,embedding=1,server=y,suspend=n,address=127.0.0.1:56912
Begin MonoManager ReloadAssembly
Registering precompiled unity dll's ...
Register platform support module: D:/soft/unity2021/2021.3.21f1c1/Editor/Data/PlaybackEngines/WebGLSupport/UnityEditor.WebGL.Extensions.dll
Register platform support module: D:/soft/unity2021/2021.3.21f1c1/Editor/Data/PlaybackEngines/AndroidPlayer/UnityEditor.Android.Extensions.dll
Register platform support module: D:/soft/unity2021/2021.3.21f1c1/Editor/Data/PlaybackEngines/WindowsStandaloneSupport/UnityEditor.WindowsStandalone.Extensions.dll
Registered in 0.005754 seconds.
Native extension for WindowsStandalone target not found
Native extension for Android target not found
Android Extension - Scanning For ADB Devices 267 ms
Native extension for WebGL target not found
Refreshing native plugins compatible for Editor in 71.66 ms, found 2 plugins.
Preloading 0 native plugins for Editor in 0.00 ms.
Mono: successfully reloaded assembly
- Completed reload, in  0.996 seconds
Domain Reload Profiling:
	ReloadAssembly (996ms)
		BeginReloadAssembly (94ms)
			ExecutionOrderSort (0ms)
			DisableScriptedObjects (0ms)
			BackupInstance (0ms)
			ReleaseScriptingObjects (0ms)
			CreateAndSetChildDomain (1ms)
		EndReloadAssembly (791ms)
			LoadAssemblies (91ms)
			RebuildTransferFunctionScriptingTraits (0ms)
			SetupTypeCache (117ms)
			ReleaseScriptCaches (0ms)
			RebuildScriptCaches (34ms)
			SetupLoadedEditorAssemblies (579ms)
				LogAssemblyErrors (0ms)
				InitializePlatformSupportModulesInManaged (348ms)
				SetLoadedEditorAssemblies (0ms)
				RefreshPlugins (72ms)
				BeforeProcessingInitializeOnLoad (2ms)
				ProcessInitializeOnLoadAttributes (110ms)
				ProcessInitializeOnLoadMethodAttributes (47ms)
				AfterProcessingInitializeOnLoad (0ms)
				EditorAssembliesLoaded (0ms)
			ExecutionOrderSort2 (0ms)
			AwakeInstancesAfterBackupRestoration (0ms)
Platform modules already initialized, skipping
Registering precompiled user dll's ...
Registered in 0.007730 seconds.
Begin MonoManager ReloadAssembly
Native extension for WindowsStandalone target not found
Native extension for Android target not found
Native extension for WebGL target not found
Refreshing native plugins compatible for Editor in 0.53 ms, found 2 plugins.
Preloading 0 native plugins for Editor in 0.00 ms.
Mono: successfully reloaded assembly
- Completed reload, in  0.998 seconds
Domain Reload Profiling:
	ReloadAssembly (999ms)
		BeginReloadAssembly (117ms)
			ExecutionOrderSort (0ms)
			DisableScriptedObjects (6ms)
			BackupInstance (0ms)
			ReleaseScriptingObjects (0ms)
			CreateAndSetChildDomain (20ms)
		EndReloadAssembly (775ms)
			LoadAssemblies (91ms)
			RebuildTransferFunctionScriptingTraits (0ms)
			SetupTypeCache (177ms)
			ReleaseScriptCaches (1ms)
			RebuildScriptCaches (50ms)
			SetupLoadedEditorAssemblies (422ms)
				LogAssemblyErrors (0ms)
				InitializePlatformSupportModulesInManaged (17ms)
				SetLoadedEditorAssemblies (0ms)
				RefreshPlugins (1ms)
				BeforeProcessingInitializeOnLoad (68ms)
				ProcessInitializeOnLoadAttributes (197ms)
				ProcessInitializeOnLoadMethodAttributes (130ms)
				AfterProcessingInitializeOnLoad (9ms)
				EditorAssembliesLoaded (0ms)
			ExecutionOrderSort2 (0ms)
			AwakeInstancesAfterBackupRestoration (5ms)
Platform modules already initialized, skipping
========================================================================
Worker process is ready to serve import requests
Launched and connected shader compiler UnityShaderCompiler.exe after 0.04 seconds
Refreshing native plugins compatible for Editor in 1.23 ms, found 2 plugins.
Preloading 0 native plugins for Editor in 0.00 ms.
Unloading 2302 Unused Serialized files (Serialized files now loaded: 0)
Unloading 52 unused Assets / (56.1 KB). Loaded Objects now: 2748.
Memory consumption went from 89.2 MB to 89.1 MB.
Total: 5.906900 ms (FindLiveObjects: 0.293100 ms CreateObjectMapping: 0.157200 ms MarkObjects: 5.379600 ms  DeleteObjects: 0.076000 ms)

AssetImportParameters requested are different than current active one (requested -> active):
  custom:video-decoder-ogg-theora: a1e56fd34408186e4bbccfd4996cb3dc -> 
  custom:container-muxer-webm: aa71ff27fc2769a1b78a27578f13a17b -> 
  custom:container-demuxer-webm: 4f35f7cbe854078d1ac9338744f61a02 -> 
  custom:video-encoder-webm-vp8: eb34c28f22e8b96e1ab97ce403110664 -> 
  custom:audio-encoder-webm-vorbis: bf7c407c2cedff20999df2af8eb42d56 -> 
  custom:framework-win-MediaFoundation: 216162199b28c13a410421893ffa2e32 -> 
  custom:container-demuxer-ogg: 62fdf1f143b41e24485cea50d1cbac27 -> 
  custom:video-decoder-webm-vp8: 9c59270c3fd7afecdb556c50c9e8de78 -> 
  custom:audio-decoder-ogg-vorbis: bf7c407c2cedff20999df2af8eb42d56 -> 
========================================================================
Received Import Request.
  Time since last request: 31608.355256 seconds.
  path: Assets/AssetBundle/Background/Background_01.jpg
  artifactKey: Guid(1c7c37e36484b324f8afe6f593288101) Importer(815301076,1909f56bfc062723c751e8b465ee728b)
Start importing Assets/AssetBundle/Background/Background_01.jpg using Guid(1c7c37e36484b324f8afe6f593288101) Importer(815301076,1909f56bfc062723c751e8b465ee728b)  -> (artifact id: 'b46ed75df181d2399627d22cde1b9f5e') in 0.104710 seconds 
========================================================================
Received Import Request.
  Time since last request: 0.547223 seconds.
  path: Assets/AssetBundle/Background/Background_02.jpg
  artifactKey: Guid(bae803647d02f4343a3ea97567aa7e81) Importer(815301076,1909f56bfc062723c751e8b465ee728b)
Start importing Assets/AssetBundle/Background/Background_02.jpg using Guid(bae803647d02f4343a3ea97567aa7e81) Importer(815301076,1909f56bfc062723c751e8b465ee728b)  -> (artifact id: '3ffa2efec7e28500889abd86dd10c1e0') in 0.020042 seconds 
========================================================================
Received Import Request.
  Time since last request: 2.770743 seconds.
  path: Assets/Demo
  artifactKey: Guid(e0aad327f5f4df64ba23b3c1afc4a7ab) Importer(815301076,1909f56bfc062723c751e8b465ee728b)
Start importing Assets/Demo using Guid(e0aad327f5f4df64ba23b3c1afc4a7ab) Importer(815301076,1909f56bfc062723c751e8b465ee728b)  -> (artifact id: '668a25e4bcccd0a54610ec505e22975d') in 0.007387 seconds 
========================================================================
Received Import Request.
  Time since last request: 3.668224 seconds.
  path: Assets/Demo/Demo_Await_Async
  artifactKey: Guid(75da7cb999b7bd24c9978a65c90a5683) Importer(815301076,1909f56bfc062723c751e8b465ee728b)
Start importing Assets/Demo/Demo_Await_Async using Guid(75da7cb999b7bd24c9978a65c90a5683) Importer(815301076,1909f56bfc062723c751e8b465ee728b)  -> (artifact id: '72cc05d03325b1acdc2b38d504ae72ea') in 0.007248 seconds 
========================================================================
Received Import Request.
  Time since last request: 1.009952 seconds.
  path: Assets/Demo/Demo_Await_Async/Demo_Await_Async.unity
  artifactKey: Guid(4889f9b33235ba54ca785b00416ef729) Importer(815301076,1909f56bfc062723c751e8b465ee728b)
Start importing Assets/Demo/Demo_Await_Async/Demo_Await_Async.unity using Guid(4889f9b33235ba54ca785b00416ef729) Importer(815301076,1909f56bfc062723c751e8b465ee728b)  -> (artifact id: 'c414cd4153fca3b9507e8e3711033bb8') in 0.007210 seconds 
========================================================================
Received Prepare
Registering precompiled user dll's ...
Registered in 0.012941 seconds.
Begin MonoManager ReloadAssembly
Native extension for WindowsStandalone target not found
Native extension for Android target not found
Native extension for WebGL target not found
Refreshing native plugins compatible for Editor in 0.75 ms, found 2 plugins.
Preloading 0 native plugins for Editor in 0.00 ms.
Mono: successfully reloaded assembly
- Completed reload, in  1.385 seconds
Domain Reload Profiling:
	ReloadAssembly (1386ms)
		BeginReloadAssembly (172ms)
			ExecutionOrderSort (0ms)
			DisableScriptedObjects (6ms)
			BackupInstance (0ms)
			ReleaseScriptingObjects (0ms)
			CreateAndSetChildDomain (44ms)
		EndReloadAssembly (1085ms)
			LoadAssemblies (115ms)
			RebuildTransferFunctionScriptingTraits (0ms)
			SetupTypeCache (254ms)
			ReleaseScriptCaches (1ms)
			RebuildScriptCaches (72ms)
			SetupLoadedEditorAssemblies (562ms)
				LogAssemblyErrors (0ms)
				InitializePlatformSupportModulesInManaged (24ms)
				SetLoadedEditorAssemblies (1ms)
				RefreshPlugins (1ms)
				BeforeProcessingInitializeOnLoad (88ms)
				ProcessInitializeOnLoadAttributes (262ms)
				ProcessInitializeOnLoadMethodAttributes (172ms)
				AfterProcessingInitializeOnLoad (14ms)
				EditorAssembliesLoaded (0ms)
			ExecutionOrderSort2 (0ms)
			AwakeInstancesAfterBackupRestoration (9ms)
Platform modules already initialized, skipping
Refreshing native plugins compatible for Editor in 12.36 ms, found 2 plugins.
Preloading 0 native plugins for Editor in 0.00 ms.
Unloading 2295 Unused Serialized files (Serialized files now loaded: 0)
Unloading 41 unused Assets / (24.7 KB). Loaded Objects now: 2755.
Memory consumption went from 88.7 MB to 88.6 MB.
Total: 5.058400 ms (FindLiveObjects: 0.191200 ms CreateObjectMapping: 0.096200 ms MarkObjects: 4.740400 ms  DeleteObjects: 0.030000 ms)

AssetImportParameters requested are different than current active one (requested -> active):
  custom:video-decoder-ogg-theora: a1e56fd34408186e4bbccfd4996cb3dc -> 
  custom:container-muxer-webm: aa71ff27fc2769a1b78a27578f13a17b -> 
  custom:container-demuxer-webm: 4f35f7cbe854078d1ac9338744f61a02 -> 
  custom:video-encoder-webm-vp8: eb34c28f22e8b96e1ab97ce403110664 -> 
  custom:audio-encoder-webm-vorbis: bf7c407c2cedff20999df2af8eb42d56 -> 
  custom:framework-win-MediaFoundation: 216162199b28c13a410421893ffa2e32 -> 
  custom:container-demuxer-ogg: 62fdf1f143b41e24485cea50d1cbac27 -> 
  custom:video-decoder-webm-vp8: 9c59270c3fd7afecdb556c50c9e8de78 -> 
  custom:audio-decoder-ogg-vorbis: bf7c407c2cedff20999df2af8eb42d56 -> 
========================================================================
Received Import Request.
  Time since last request: 28.794469 seconds.
  path: Assets/Demo/Demo_Callback
  artifactKey: Guid(5408811207dcb6b4282d2d44d1d5423b) Importer(815301076,1909f56bfc062723c751e8b465ee728b)
Start importing Assets/Demo/Demo_Callback using Guid(5408811207dcb6b4282d2d44d1d5423b) Importer(815301076,1909f56bfc062723c751e8b465ee728b)  -> (artifact id: '070c33d1fd450196105b8765021d8656') in 0.010168 seconds 
========================================================================
Received Import Request.
  Time since last request: 0.925148 seconds.
  path: Assets/Demo/Demo_Callback/Demo_Callback.unity
  artifactKey: Guid(b51d81e12d4ae3344a5d9bca06a5c26b) Importer(815301076,1909f56bfc062723c751e8b465ee728b)
Start importing Assets/Demo/Demo_Callback/Demo_Callback.unity using Guid(b51d81e12d4ae3344a5d9bca06a5c26b) Importer(815301076,1909f56bfc062723c751e8b465ee728b)  -> (artifact id: '8e6cb25663c5883fd4751c61ab0b58cc') in 0.006749 seconds 
========================================================================
Received Prepare
Registering precompiled user dll's ...
Registered in 0.010254 seconds.
Begin MonoManager ReloadAssembly
Native extension for WindowsStandalone target not found
Native extension for Android target not found
Native extension for WebGL target not found
Refreshing native plugins compatible for Editor in 0.81 ms, found 2 plugins.
Preloading 0 native plugins for Editor in 0.00 ms.
Mono: successfully reloaded assembly
- Completed reload, in  1.347 seconds
Domain Reload Profiling:
	ReloadAssembly (1348ms)
		BeginReloadAssembly (180ms)
			ExecutionOrderSort (0ms)
			DisableScriptedObjects (7ms)
			BackupInstance (0ms)
			ReleaseScriptingObjects (0ms)
			CreateAndSetChildDomain (39ms)
		EndReloadAssembly (1041ms)
			LoadAssemblies (131ms)
			RebuildTransferFunctionScriptingTraits (0ms)
			SetupTypeCache (246ms)
			ReleaseScriptCaches (1ms)
			RebuildScriptCaches (53ms)
			SetupLoadedEditorAssemblies (563ms)
				LogAssemblyErrors (0ms)
				InitializePlatformSupportModulesInManaged (26ms)
				SetLoadedEditorAssemblies (1ms)
				RefreshPlugins (1ms)
				BeforeProcessingInitializeOnLoad (80ms)
				ProcessInitializeOnLoadAttributes (253ms)
				ProcessInitializeOnLoadMethodAttributes (189ms)
				AfterProcessingInitializeOnLoad (12ms)
				EditorAssembliesLoaded (0ms)
			ExecutionOrderSort2 (0ms)
			AwakeInstancesAfterBackupRestoration (8ms)
Platform modules already initialized, skipping
Refreshing native plugins compatible for Editor in 15.22 ms, found 2 plugins.
Preloading 0 native plugins for Editor in 0.00 ms.
Unloading 2295 Unused Serialized files (Serialized files now loaded: 0)
Unloading 41 unused Assets / (24.7 KB). Loaded Objects now: 2758.
Memory consumption went from 88.7 MB to 88.6 MB.
Total: 14.563700 ms (FindLiveObjects: 0.322500 ms CreateObjectMapping: 0.267700 ms MarkObjects: 13.914000 ms  DeleteObjects: 0.057700 ms)

AssetImportParameters requested are different than current active one (requested -> active):
  custom:video-decoder-ogg-theora: a1e56fd34408186e4bbccfd4996cb3dc -> 
  custom:container-muxer-webm: aa71ff27fc2769a1b78a27578f13a17b -> 
  custom:container-demuxer-webm: 4f35f7cbe854078d1ac9338744f61a02 -> 
  custom:video-encoder-webm-vp8: eb34c28f22e8b96e1ab97ce403110664 -> 
  custom:audio-encoder-webm-vorbis: bf7c407c2cedff20999df2af8eb42d56 -> 
  custom:framework-win-MediaFoundation: 216162199b28c13a410421893ffa2e32 -> 
  custom:container-demuxer-ogg: 62fdf1f143b41e24485cea50d1cbac27 -> 
  custom:video-decoder-webm-vp8: 9c59270c3fd7afecdb556c50c9e8de78 -> 
  custom:audio-decoder-ogg-vorbis: bf7c407c2cedff20999df2af8eb42d56 -> 
========================================================================
Received Import Request.
  Time since last request: 59.297684 seconds.
  path: Assets/Resources
  artifactKey: Guid(87f46022865fe93419f917f294cc7e7f) Importer(815301076,1909f56bfc062723c751e8b465ee728b)
Start importing Assets/Resources using Guid(87f46022865fe93419f917f294cc7e7f) Importer(815301076,1909f56bfc062723c751e8b465ee728b)  -> (artifact id: 'baf4682d162caa31309ec2339e7f7044') in 0.015119 seconds 
========================================================================
Received Import Request.
  Time since last request: 1.111094 seconds.
  path: Assets/Resources/BillingMode.json
  artifactKey: Guid(c76dfe16ed1745744b86ed9c190143c7) Importer(815301076,1909f56bfc062723c751e8b465ee728b)
Start importing Assets/Resources/BillingMode.json using Guid(c76dfe16ed1745744b86ed9c190143c7) Importer(815301076,1909f56bfc062723c751e8b465ee728b)  -> (artifact id: '3aae4138addf6d99a1d89c055510b9e2') in 0.030457 seconds 
========================================================================
Received Import Request.
  Time since last request: 3.171121 seconds.
  path: Assets/ResourceFramework
  artifactKey: Guid(48d41f0867fe6e8448550a24e467fd74) Importer(815301076,1909f56bfc062723c751e8b465ee728b)
Start importing Assets/ResourceFramework using Guid(48d41f0867fe6e8448550a24e467fd74) Importer(815301076,1909f56bfc062723c751e8b465ee728b)  -> (artifact id: '65427e05a6f4b2fe2216da381c55c459') in 0.008741 seconds 
========================================================================
Received Import Request.
  Time since last request: 1.462117 seconds.
  path: Assets/ResourceFramework/Editor
  artifactKey: Guid(e8cff2db629f829439e30733ee8d4653) Importer(815301076,1909f56bfc062723c751e8b465ee728b)
Start importing Assets/ResourceFramework/Editor using Guid(e8cff2db629f829439e30733ee8d4653) Importer(815301076,1909f56bfc062723c751e8b465ee728b)  -> (artifact id: '682c5316136a28dcd0d3821ce5e29169') in 0.015854 seconds 
========================================================================
Received Import Request.
  Time since last request: 2.966470 seconds.
  path: Assets/ResourceFramework/Core
  artifactKey: Guid(8e70df53cdcda7b4bb83080bef799131) Importer(815301076,1909f56bfc062723c751e8b465ee728b)
Start importing Assets/ResourceFramework/Core using Guid(8e70df53cdcda7b4bb83080bef799131) Importer(815301076,1909f56bfc062723c751e8b465ee728b)  -> (artifact id: '5a177fdcb2c8f2bee51ae760e727717d') in 0.007826 seconds 
========================================================================
Received Import Request.
  Time since last request: 1.724838 seconds.
  path: Assets/ResourceFramework/Core/Resource
  artifactKey: Guid(84e2762a5a7c89944bb5864b1bf8e770) Importer(815301076,1909f56bfc062723c751e8b465ee728b)
Start importing Assets/ResourceFramework/Core/Resource using Guid(84e2762a5a7c89944bb5864b1bf8e770) Importer(815301076,1909f56bfc062723c751e8b465ee728b)  -> (artifact id: '3c7eae4e109f04a93e2c00db3558007c') in 0.011902 seconds 
========================================================================
Received Import Request.
  Time since last request: 2.261967 seconds.
  path: Assets/ResourceFramework/Core/Bundle
  artifactKey: Guid(f5c3de51152e6324d9c61c34f1616a8e) Importer(815301076,1909f56bfc062723c751e8b465ee728b)
Start importing Assets/ResourceFramework/Core/Bundle using Guid(f5c3de51152e6324d9c61c34f1616a8e) Importer(815301076,1909f56bfc062723c751e8b465ee728b)  -> (artifact id: 'd2a3ea5692cd382003ca8d0785d152bb') in 0.007492 seconds 
========================================================================
Received Import Request.
  Time since last request: 2.102141 seconds.
  path: Assets/ResourceFramework/Core/Awaiter
  artifactKey: Guid(7a0cacf0c65adb24692921bae098e2f6) Importer(815301076,1909f56bfc062723c751e8b465ee728b)
Start importing Assets/ResourceFramework/Core/Awaiter using Guid(7a0cacf0c65adb24692921bae098e2f6) Importer(815301076,1909f56bfc062723c751e8b465ee728b)  -> (artifact id: '7c012873a802e72f888839138ea825ab') in 0.008651 seconds 
========================================================================
Received Import Request.
  Time since last request: 86.729990 seconds.
  path: Assets/AssetBundle/Common
  artifactKey: Guid(3b6f671f1c9af8b4d9885899a2b850fa) Importer(815301076,1909f56bfc062723c751e8b465ee728b)
Start importing Assets/AssetBundle/Common using Guid(3b6f671f1c9af8b4d9885899a2b850fa) Importer(815301076,1909f56bfc062723c751e8b465ee728b)  -> (artifact id: '5a3c400c8e0c9c3293eff99e85728ed1') in 0.007124 seconds 
========================================================================
Received Import Request.
  Time since last request: 4.264686 seconds.
  path: Assets/AssetBundle/Icon
  artifactKey: Guid(9e65cc7940b933b4b8ca0ed545291b2f) Importer(815301076,1909f56bfc062723c751e8b465ee728b)
Start importing Assets/AssetBundle/Icon using Guid(9e65cc7940b933b4b8ca0ed545291b2f) Importer(815301076,1909f56bfc062723c751e8b465ee728b)  -> (artifact id: '7b57cc0c4f6eed65a91ed3ee5ba536a8') in 0.007394 seconds 
========================================================================
Received Import Request.
  Time since last request: 2.622825 seconds.
  path: Assets/AssetBundle/Model
  artifactKey: Guid(0ce4dfaf335347142a4e59d9ed2dda45) Importer(815301076,1909f56bfc062723c751e8b465ee728b)
Start importing Assets/AssetBundle/Model using Guid(0ce4dfaf335347142a4e59d9ed2dda45) Importer(815301076,1909f56bfc062723c751e8b465ee728b)  -> (artifact id: '13ad82af9f5f325a53273ae0d6fb9e15') in 0.007280 seconds 
========================================================================
Received Import Request.
  Time since last request: 0.870205 seconds.
  path: Assets/AssetBundle/Model/GeBuLin
  artifactKey: Guid(b5fb3ffd5cdf34f4e9e207663f52743d) Importer(815301076,1909f56bfc062723c751e8b465ee728b)
Start importing Assets/AssetBundle/Model/GeBuLin using Guid(b5fb3ffd5cdf34f4e9e207663f52743d) Importer(815301076,1909f56bfc062723c751e8b465ee728b)  -> (artifact id: 'e43601e622df18e8146fb8f85ee82094') in 0.007428 seconds 
========================================================================
Received Import Request.
  Time since last request: 17.495700 seconds.
  path: Assets/AssetBundle/Model/GeBuLin/Textures
  artifactKey: Guid(fd58bf32beb2b3f4a8610393fd51d5fb) Importer(815301076,1909f56bfc062723c751e8b465ee728b)
Start importing Assets/AssetBundle/Model/GeBuLin/Textures using Guid(fd58bf32beb2b3f4a8610393fd51d5fb) Importer(815301076,1909f56bfc062723c751e8b465ee728b)  -> (artifact id: '9a92a036cc58ac576d840bba2e14f375') in 0.007627 seconds 
========================================================================
Received Import Request.
  Time since last request: 2.443023 seconds.
  path: Assets/AssetBundle/Model/GeBuLin/Materials
  artifactKey: Guid(811f2e92e767963439d9f476db401736) Importer(815301076,1909f56bfc062723c751e8b465ee728b)
Start importing Assets/AssetBundle/Model/GeBuLin/Materials using Guid(811f2e92e767963439d9f476db401736) Importer(815301076,1909f56bfc062723c751e8b465ee728b)  -> (artifact id: '2c495ca6730f46db3bedd3ae2b7a8fa0') in 0.007094 seconds 
========================================================================
Received Import Request.
  Time since last request: 27.660974 seconds.
  path: Assets/AssetBundle/UI
  artifactKey: Guid(889a08ce972232f449c530d034b5d1cc) Importer(815301076,1909f56bfc062723c751e8b465ee728b)
Start importing Assets/AssetBundle/UI using Guid(889a08ce972232f449c530d034b5d1cc) Importer(815301076,1909f56bfc062723c751e8b465ee728b)  -> (artifact id: 'b9026883c0255088ae4ed0459fdb7575') in 0.008091 seconds 
========================================================================
Received Import Request.
  Time since last request: 1.549745 seconds.
  path: Assets/AssetBundle/UI/TestUI.prefab
  artifactKey: Guid(78f7da9d832aa944983fc517d0c6003c) Importer(815301076,1909f56bfc062723c751e8b465ee728b)
Start importing Assets/AssetBundle/UI/TestUI.prefab using Guid(78f7da9d832aa944983fc517d0c6003c) Importer(815301076,1909f56bfc062723c751e8b465ee728b)  -> (artifact id: 'd30df9b7973e56641c14961179bc7a3b') in 0.047687 seconds 
========================================================================
Received Import Request.
  Time since last request: 4.094016 seconds.
  path: Assets/AssetBundle/UI/UIRoot.prefab
  artifactKey: Guid(1395c427241cda2458b6bf951086761f) Importer(815301076,1909f56bfc062723c751e8b465ee728b)
Start importing Assets/AssetBundle/UI/UIRoot.prefab using Guid(1395c427241cda2458b6bf951086761f) Importer(815301076,1909f56bfc062723c751e8b465ee728b)  -> (artifact id: 'dc3b0fb12ce0a0f59dd63df6ce441a60') in 0.010310 seconds 
========================================================================
Received Import Request.
  Time since last request: 16.169635 seconds.
  path: Assets/AssetBundle/UI/Test
  artifactKey: Guid(5711115595fdf1a41b4b6975bced07b4) Importer(815301076,1909f56bfc062723c751e8b465ee728b)
Start importing Assets/AssetBundle/UI/Test using Guid(5711115595fdf1a41b4b6975bced07b4) Importer(815301076,1909f56bfc062723c751e8b465ee728b)  -> (artifact id: '5e469bdd5bedf31819d190fc58086410') in 0.008066 seconds 
========================================================================
Received Import Request.
  Time since last request: 8.000421 seconds.
  path: Assets/AssetBundle/UI/Test/TestUI.prefab
  artifactKey: Guid(01e2e4938edcc1a499ae2458fba6e3e0) Importer(815301076,1909f56bfc062723c751e8b465ee728b)
Start importing Assets/AssetBundle/UI/Test/TestUI.prefab using Guid(01e2e4938edcc1a499ae2458fba6e3e0) Importer(815301076,1909f56bfc062723c751e8b465ee728b)  -> (artifact id: '85f9dd9e9443e2f538387da75136e4cf') in 0.006236 seconds 
========================================================================
Received Prepare
Refreshing native plugins compatible for Editor in 27.61 ms, found 2 plugins.
Preloading 0 native plugins for Editor in 0.00 ms.
Unloading 41 Unused Serialized files (Serialized files now loaded: 0)
Unloading 43 unused Assets / (22.6 KB). Loaded Objects now: 2760.
Memory consumption went from 43.0 MB to 43.0 MB.
Total: 5.234600 ms (FindLiveObjects: 0.198800 ms CreateObjectMapping: 0.107400 ms MarkObjects: 4.901200 ms  DeleteObjects: 0.026700 ms)

AssetImportParameters requested are different than current active one (requested -> active):
  custom:video-decoder-ogg-theora: a1e56fd34408186e4bbccfd4996cb3dc -> 
  custom:container-muxer-webm: aa71ff27fc2769a1b78a27578f13a17b -> 
  custom:container-demuxer-webm: 4f35f7cbe854078d1ac9338744f61a02 -> 
  custom:video-encoder-webm-vp8: eb34c28f22e8b96e1ab97ce403110664 -> 
  custom:audio-encoder-webm-vorbis: bf7c407c2cedff20999df2af8eb42d56 -> 
  custom:framework-win-MediaFoundation: 216162199b28c13a410421893ffa2e32 -> 
  custom:container-demuxer-ogg: 62fdf1f143b41e24485cea50d1cbac27 -> 
  custom:video-decoder-webm-vp8: 9c59270c3fd7afecdb556c50c9e8de78 -> 
  custom:audio-decoder-ogg-vorbis: bf7c407c2cedff20999df2af8eb42d56 -> 
========================================================================
Received Prepare
Refreshing native plugins compatible for Editor in 23.81 ms, found 2 plugins.
Preloading 0 native plugins for Editor in 0.00 ms.
Unloading 41 Unused Serialized files (Serialized files now loaded: 0)
Unloading 41 unused Assets / (21.9 KB). Loaded Objects now: 2760.
Memory consumption went from 43.0 MB to 43.0 MB.
Total: 5.189700 ms (FindLiveObjects: 0.229300 ms CreateObjectMapping: 0.131500 ms MarkObjects: 4.806400 ms  DeleteObjects: 0.021900 ms)

AssetImportParameters requested are different than current active one (requested -> active):
  custom:video-decoder-ogg-theora: a1e56fd34408186e4bbccfd4996cb3dc -> 
  custom:container-muxer-webm: aa71ff27fc2769a1b78a27578f13a17b -> 
  custom:container-demuxer-webm: 4f35f7cbe854078d1ac9338744f61a02 -> 
  custom:video-encoder-webm-vp8: eb34c28f22e8b96e1ab97ce403110664 -> 
  custom:audio-encoder-webm-vorbis: bf7c407c2cedff20999df2af8eb42d56 -> 
  custom:framework-win-MediaFoundation: 216162199b28c13a410421893ffa2e32 -> 
  custom:container-demuxer-ogg: 62fdf1f143b41e24485cea50d1cbac27 -> 
  custom:video-decoder-webm-vp8: 9c59270c3fd7afecdb556c50c9e8de78 -> 
  custom:audio-decoder-ogg-vorbis: bf7c407c2cedff20999df2af8eb42d56 -> 
